c:\users\nerox\documents\vısual studıo 2015\projects\uprogrammıngtool\uprogrammıngtool\debug\vc140.pdb
c:\users\nerox\documents\vısual studıo 2015\projects\uprogrammıngtool\uprogrammıngtool\debug\uprogrammıng.obj
c:\users\nerox\documents\vısual studıo 2015\projects\uprogrammıngtool\uprogrammıngtool\debug\.netframework,versıon=v4.5.2.assemblyattrıbutes.obj
c:\users\nerox\documents\vısual studıo 2015\projects\uprogrammıngtool\uprogrammıngtool\debug\.netframework,versıon=v4.5.2.assemblyattrıbutes.asm
c:\users\nerox\documents\vısual studıo 2015\projects\uprogrammıngtool\uprogrammıngtool\debug\uprogrammıngtool.tlog\metagen.wrıte.1.tlog
c:\users\nerox\documents\visual studio 2015\projects\uprogrammingtool\uprogrammingtool\debug\uprogrammingtool.uprogramming.resources
c:\users\nerox\documents\visual studio 2015\projects\uprogrammingtool\uprogrammingtool\debug\uprogrammingtool.vcxproj.generateresource.cache
c:\users\nerox\documents\visual studio 2015\projects\uprogrammingtool\uprogrammingtool\debug\.netframework,version=v4.5.2.assemblyattributes.obj
c:\users\nerox\documents\visual studio 2015\projects\uprogrammingtool\uprogrammingtool\debug\uprogramming.obj
c:\users\nerox\documents\visual studio 2015\projects\uprogrammingtool\uprogrammingtool\debug\vc140.pdb
c:\users\nerox\documents\visual studio 2015\projects\uprogrammingtool\uprogrammingtool\debug\uprogrammingtool.exe
c:\users\nerox\documents\visual studio 2015\projects\uprogrammingtool\uprogrammingtool\debug\uprogrammingtool.tlog\cl.command.1.tlog
c:\users\nerox\documents\visual studio 2015\projects\uprogrammingtool\uprogrammingtool\debug\uprogrammingtool.tlog\cl.read.1.tlog
c:\users\nerox\documents\visual studio 2015\projects\uprogrammingtool\uprogrammingtool\debug\uprogrammingtool.tlog\cl.write.1.tlog
c:\users\nerox\documents\visual studio 2015\projects\uprogrammingtool\uprogrammingtool\debug\uprogrammingtool.tlog\link.command.1.tlog
c:\users\nerox\documents\visual studio 2015\projects\uprogrammingtool\uprogrammingtool\debug\uprogrammingtool.tlog\link.read.1.tlog
c:\users\nerox\documents\visual studio 2015\projects\uprogrammingtool\uprogrammingtool\debug\uprogrammingtool.tlog\link.write.1.tlog
c:\users\nerox\documents\visual studio 2015\projects\uprogrammingtool\uprogrammingtool\debug\uprogrammingtool.tlog\metagen.read.1.tlog
c:\users\nerox\documents\visual studio 2015\projects\uprogrammingtool\uprogrammingtool\debug\uprogrammingtool.tlog\metagen.write.1.tlog
c:\users\nerox\documents\visual studio 2015\projects\uprogrammingtool\uprogrammingtool\debug\uprogrammingtool.tlog\uprogrammingtool.write.1u.tlog
c:\users\nerox\documents\visual studio 2015\projects\uprogrammingtool\uprogrammingtool\debug\uprogrammingtool.tlog\mscorlıb.dll.metagen
c:\users\nerox\documents\visual studio 2015\projects\uprogrammingtool\uprogrammingtool\debug\uprogrammingtool.tlog\system.data.dll.metagen
c:\users\nerox\documents\visual studio 2015\projects\uprogrammingtool\uprogrammingtool\debug\uprogrammingtool.tlog\system.dll.metagen
c:\users\nerox\documents\visual studio 2015\projects\uprogrammingtool\uprogrammingtool\debug\uprogrammingtool.tlog\system.drawıng.dll.metagen
c:\users\nerox\documents\visual studio 2015\projects\uprogrammingtool\uprogrammingtool\debug\uprogrammingtool.tlog\system.wındows.forms.dll.metagen
c:\users\nerox\documents\visual studio 2015\projects\uprogrammingtool\uprogrammingtool\debug\uprogrammingtool.tlog\system.xml.dll.metagen
c:\users\nerox\documents\visual studio 2015\projects\uprogrammingtool\uprogrammingtool\debug\uprogrammingtool.tlog\clr.dll.bi
c:\users\nerox\documents\visual studio 2015\projects\uprogrammingtool\uprogrammingtool\debug\uprogrammingtool.tlog\cluı.dll.bi
c:\users\nerox\documents\visual studio 2015\projects\uprogrammingtool\uprogrammingtool\debug\uprogrammingtool.tlog\mscorwks.dll.bi
c:\users\nerox\documents\visual studio 2015\projects\uprogrammingtool\uprogrammingtool\debug\uprogrammingtool.tlog\rsaenh.dll.bi
c:\users\nerox\documents\visual studio 2015\projects\uprogrammingtool\uprogrammingtool\debug\uprogrammingtool.tlog\tzres.dll.bi
